build/intermediates/manifest_merge_blame_file/debug/manifest-merger-blame-debug-report.txt
1<?xml version="1.0" encoding="utf-8"?>
2<manifest xmlns:android="http://schemas.android.com/apk/res/android"
3    package="com.WalterMarino.EndlessCorruption"
4    android:versionCode="1"
5    android:versionName="1.0" >
6
7    <uses-sdk
8        android:minSdkVersion="21"
8-->src\main\AndroidManifest.xml
9        android:targetSdkVersion="29" />
9-->src\main\AndroidManifest.xml
10
11    <supports-screens
11-->src\main\AndroidManifest.xml:5:5-10:40
12        android:anyDensity="true"
12-->src\main\AndroidManifest.xml:6:9-34
13        android:largeScreens="true"
13-->src\main\AndroidManifest.xml:7:9-36
14        android:normalScreens="true"
14-->src\main\AndroidManifest.xml:8:9-37
15        android:smallScreens="true"
15-->src\main\AndroidManifest.xml:9:9-36
16        android:xlargeScreens="true" />
16-->src\main\AndroidManifest.xml:10:9-37
17
18    <uses-feature
18-->src\main\AndroidManifest.xml:12:5-14:36
19        android:name="android.hardware.touchscreen"
19-->src\main\AndroidManifest.xml:13:9-52
20        android:required="false" />
20-->src\main\AndroidManifest.xml:14:9-33
21    <uses-feature
21-->src\main\AndroidManifest.xml:15:5-17:36
22        android:name="android.hardware.touchscreen.multitouch"
22-->src\main\AndroidManifest.xml:16:9-63
23        android:required="false" />
23-->src\main\AndroidManifest.xml:17:9-33
24    <uses-feature
24-->src\main\AndroidManifest.xml:18:5-20:36
25        android:name="android.hardware.touchscreen.multitouch.distinct"
25-->src\main\AndroidManifest.xml:19:9-72
26        android:required="false" />
26-->src\main\AndroidManifest.xml:20:9-33
27    <uses-feature android:glEsVersion="0x00020000" />
27-->src\main\AndroidManifest.xml:22:5-54
27-->src\main\AndroidManifest.xml:22:19-51
28    <uses-feature
28-->src\main\AndroidManifest.xml:24:5-26:36
29        android:name="android.hardware.vulkan.version"
29-->src\main\AndroidManifest.xml:25:9-55
30        android:required="false" />
30-->src\main\AndroidManifest.xml:26:9-33
31
32    <application
32-->src\main\AndroidManifest.xml:28:5-66:19
33        android:allowBackup="false"
33-->src\main\AndroidManifest.xml:29:9-36
34        android:debuggable="true"
35        android:icon="@mipmap/app_icon"
35-->src\main\AndroidManifest.xml:30:9-40
36        android:label="@string/app_name"
36-->src\main\AndroidManifest.xml:31:9-41
37        android:theme="@style/UnityThemeSelector" >
37-->src\main\AndroidManifest.xml:32:9-50
38        <activity
38-->src\main\AndroidManifest.xml:33:9-52:20
39            android:name="com.WalterMarino.EndlessCorruption.UnityPlayerActivity"
39-->src\main\AndroidManifest.xml:34:13-82
40            android:configChanges="mcc|mnc|locale|touchscreen|keyboard|keyboardHidden|navigation|orientation|screenLayout|uiMode|screenSize|smallestScreenSize|fontScale|layoutDirection|density"
40-->src\main\AndroidManifest.xml:35:13-194
41            android:hardwareAccelerated="false"
41-->src\main\AndroidManifest.xml:36:13-48
42            android:label="@string/app_name"
42-->src\main\AndroidManifest.xml:37:13-45
43            android:launchMode="singleTask"
43-->src\main\AndroidManifest.xml:38:13-44
44            android:screenOrientation="fullSensor" >
44-->src\main\AndroidManifest.xml:39:13-51
45            <intent-filter>
45-->src\main\AndroidManifest.xml:40:13-44:29
46                <action android:name="android.intent.action.MAIN" />
46-->src\main\AndroidManifest.xml:41:17-69
46-->src\main\AndroidManifest.xml:41:25-66
47                <action android:name="android.intent.action.VIEW" />
47-->src\main\AndroidManifest.xml:42:17-69
47-->src\main\AndroidManifest.xml:42:25-66
48
49                <category android:name="android.intent.category.LAUNCHER" />
49-->src\main\AndroidManifest.xml:43:17-77
49-->src\main\AndroidManifest.xml:43:27-74
50            </intent-filter>
51
52            <meta-data
52-->src\main\AndroidManifest.xml:46:13-48:40
53                android:name="unityplayer.UnityActivity"
53-->src\main\AndroidManifest.xml:47:17-57
54                android:value="true" />
54-->src\main\AndroidManifest.xml:48:17-37
55            <meta-data
55-->src\main\AndroidManifest.xml:49:13-51:40
56                android:name="android.notch_support"
56-->src\main\AndroidManifest.xml:50:17-53
57                android:value="true" />
57-->src\main\AndroidManifest.xml:51:17-37
58        </activity>
59
60        <meta-data
60-->src\main\AndroidManifest.xml:54:9-56:68
61            android:name="unity.build-id"
61-->src\main\AndroidManifest.xml:55:13-42
62            android:value="7d1dbfed-5512-479a-8a16-7921094e6965" />
62-->src\main\AndroidManifest.xml:56:13-65
63        <meta-data
63-->src\main\AndroidManifest.xml:57:9-59:33
64            android:name="unity.splash-mode"
64-->src\main\AndroidManifest.xml:58:13-45
65            android:value="0" />
65-->src\main\AndroidManifest.xml:59:13-30
66        <meta-data
66-->src\main\AndroidManifest.xml:60:9-62:36
67            android:name="unity.splash-enable"
67-->src\main\AndroidManifest.xml:61:13-47
68            android:value="True" />
68-->src\main\AndroidManifest.xml:62:13-33
69        <meta-data
69-->src\main\AndroidManifest.xml:63:9-65:50
70            android:name="notch.config"
70-->src\main\AndroidManifest.xml:64:13-40
71            android:value="portrait|landscape" />
71-->src\main\AndroidManifest.xml:65:13-47
72    </application>
73
74</manifest>